
[2025-10-23 23:33:28,052] [Event] ScreenTransitionEvent
[2025-10-23 23:33:28,052] [Command] Start rendering the screen
[2025-10-23 23:33:28,065] [Event] StartRenderingEvent
[2025-10-23 23:33:28,104] [Command] Setting cursor to HAND
[2025-10-23 23:33:28,105] [Event] ChangeCursorEvent
[2025-10-23 23:33:29,331] [Command] Setting cursor to ARROW
[2025-10-23 23:33:29,331] [Event] ChangeCursorEvent
[2025-10-23 23:33:29,355] [Command] Setting cursor to HAND
[2025-10-23 23:33:29,355] [Event] ChangeCursorEvent
[2025-10-23 23:33:29,410] [Command] Setting cursor to ARROW
[2025-10-23 23:33:29,410] [Event] ChangeCursorEvent
[2025-10-23 23:33:30,391] [Event] StopThreadEvent
[2025-10-23 23:33:30,391] [Event] StopThreadEvent
[2025-10-23 23:33:30,396] [Event] StopThreadEvent
[2025-10-23 23:36:22,829] [Event] ScreenTransitionEvent
[2025-10-23 23:36:22,830] [Command] Start rendering the screen
[2025-10-23 23:36:22,888] [Event] StartRenderingEvent
[2025-10-23 23:36:22,900] STREAM b'IHDR' 16 13
[2025-10-23 23:36:22,900] STREAM b'sRGB' 41 1
[2025-10-23 23:36:22,900] STREAM b'gAMA' 54 4
[2025-10-23 23:36:22,900] STREAM b'cHRM' 70 32
[2025-10-23 23:36:22,901] STREAM b'pHYs' 114 9
[2025-10-23 23:36:22,901] STREAM b'tIME' 135 7
[2025-10-23 23:36:22,901] b'tIME' 135 7 (unknown)
[2025-10-23 23:36:22,901] STREAM b'IDAT' 154 8192
[2025-10-23 23:36:23,757] [Command] User typed key 
[2025-10-23 23:36:23,757] [Event] UserTypedEvent
[2025-10-23 23:36:23,885] [Command] User typed key 
[2025-10-23 23:36:23,885] [Event] UserTypedEvent
[2025-10-23 23:36:25,111] [Command] User clicked
[2025-10-23 23:36:25,112] [Event] UserClickedEvent
[2025-10-23 23:36:25,170] [Command] User typed key 
[2025-10-23 23:36:25,170] [Event] UserTypedEvent
[2025-10-23 23:36:25,320] [Command] User typed key 
[2025-10-23 23:36:25,320] [Event] UserTypedEvent
[2025-10-23 23:38:41,777] [Event] ScreenTransitionEvent
[2025-10-23 23:38:41,778] [Command] Start rendering the screen
[2025-10-23 23:38:41,831] [Event] StartRenderingEvent
[2025-10-23 23:38:41,842] STREAM b'IHDR' 16 13
[2025-10-23 23:38:41,843] STREAM b'sRGB' 41 1
[2025-10-23 23:38:41,843] STREAM b'gAMA' 54 4
[2025-10-23 23:38:41,843] STREAM b'cHRM' 70 32
[2025-10-23 23:38:41,843] STREAM b'pHYs' 114 9
[2025-10-23 23:38:41,843] STREAM b'tIME' 135 7
[2025-10-23 23:38:41,843] b'tIME' 135 7 (unknown)
[2025-10-23 23:38:41,843] STREAM b'IDAT' 154 8192
[2025-10-23 23:38:44,917] [Command] User clicked
[2025-10-23 23:38:44,917] [Event] UserClickedEvent
[2025-10-23 23:38:47,061] [Event] StopThreadEvent
[2025-10-23 23:38:47,061] [Event] StopThreadEvent
[2025-10-23 23:38:47,064] [Event] StopThreadEvent
[2025-10-23 23:40:05,061] [Event] ScreenTransitionEvent
[2025-10-23 23:40:05,062] [Command] Start rendering the screen
[2025-10-23 23:40:05,063] [Event] StartRenderingEvent
[2025-10-23 23:40:05,080] STREAM b'IHDR' 16 13
[2025-10-23 23:40:05,080] STREAM b'sRGB' 41 1
[2025-10-23 23:40:05,080] STREAM b'gAMA' 54 4
[2025-10-23 23:40:05,080] STREAM b'cHRM' 70 32
[2025-10-23 23:40:05,080] STREAM b'pHYs' 114 9
[2025-10-23 23:40:05,080] STREAM b'tIME' 135 7
[2025-10-23 23:40:05,080] b'tIME' 135 7 (unknown)
[2025-10-23 23:40:05,080] STREAM b'IDAT' 154 8192
[2025-10-23 23:40:05,101] STREAM b'IHDR' 16 13
[2025-10-23 23:40:05,102] STREAM b'cHRM' 41 32
[2025-10-23 23:40:05,102] STREAM b'bKGD' 85 6
[2025-10-23 23:40:05,102] b'bKGD' 85 6 (unknown)
[2025-10-23 23:40:05,102] STREAM b'tIME' 103 7
[2025-10-23 23:40:05,102] b'tIME' 103 7 (unknown)
[2025-10-23 23:40:05,102] STREAM b'caNv' 122 16
[2025-10-23 23:40:05,102] b'caNv' 122 16 (unknown)
[2025-10-23 23:40:05,102] STREAM b'IDAT' 150 10597
[2025-10-23 23:40:05,103] STREAM b'tEXt' 10759 37
[2025-10-23 23:40:05,103] STREAM b'tEXt' 10808 37
[2025-10-23 23:40:05,103] STREAM b'tEXt' 10857 40
[2025-10-23 23:40:08,650] [Command] User clicked
[2025-10-23 23:40:08,650] [Event] UserClickedEvent
[2025-10-23 23:40:21,858] [Event] StopThreadEvent
[2025-10-23 23:40:21,858] [Event] StopThreadEvent
[2025-10-23 23:40:21,859] [Event] StopThreadEvent
[2025-10-23 23:42:13,133] [Event] ScreenTransitionEvent
[2025-10-23 23:42:13,134] [Command] Start rendering the screen
[2025-10-23 23:42:13,135] [Event] StartRenderingEvent
[2025-10-23 23:42:13,145] STREAM b'IHDR' 16 13
[2025-10-23 23:42:13,145] STREAM b'sRGB' 41 1
[2025-10-23 23:42:13,145] STREAM b'gAMA' 54 4
[2025-10-23 23:42:13,145] STREAM b'cHRM' 70 32
[2025-10-23 23:42:13,145] STREAM b'pHYs' 114 9
[2025-10-23 23:42:13,145] STREAM b'tIME' 135 7
[2025-10-23 23:42:13,145] b'tIME' 135 7 (unknown)
[2025-10-23 23:42:13,145] STREAM b'IDAT' 154 8192
[2025-10-23 23:42:13,160] STREAM b'IHDR' 16 13
[2025-10-23 23:42:13,160] STREAM b'cHRM' 41 32
[2025-10-23 23:42:13,160] STREAM b'bKGD' 85 6
[2025-10-23 23:42:13,160] b'bKGD' 85 6 (unknown)
[2025-10-23 23:42:13,160] STREAM b'tIME' 103 7
[2025-10-23 23:42:13,160] b'tIME' 103 7 (unknown)
[2025-10-23 23:42:13,160] STREAM b'caNv' 122 16
[2025-10-23 23:42:13,160] b'caNv' 122 16 (unknown)
[2025-10-23 23:42:13,160] STREAM b'IDAT' 150 10597
[2025-10-23 23:42:13,162] STREAM b'tEXt' 10759 37
[2025-10-23 23:42:13,162] STREAM b'tEXt' 10808 37
[2025-10-23 23:42:13,162] STREAM b'tEXt' 10857 40
[2025-10-23 23:42:14,704] [Event] StopThreadEvent
[2025-10-23 23:42:14,704] [Event] StopThreadEvent
[2025-10-23 23:42:14,707] [Event] StopThreadEvent
[2025-10-23 23:42:19,713] [Event] ScreenTransitionEvent
[2025-10-23 23:42:19,770] [Command] Start rendering the screen
[2025-10-23 23:42:19,771] [Event] StartRenderingEvent
[2025-10-23 23:42:19,782] STREAM b'IHDR' 16 13
[2025-10-23 23:42:19,782] STREAM b'sRGB' 41 1
[2025-10-23 23:42:19,782] STREAM b'gAMA' 54 4
[2025-10-23 23:42:19,782] STREAM b'cHRM' 70 32
[2025-10-23 23:42:19,782] STREAM b'pHYs' 114 9
[2025-10-23 23:42:19,782] STREAM b'tIME' 135 7
[2025-10-23 23:42:19,782] b'tIME' 135 7 (unknown)
[2025-10-23 23:42:19,782] STREAM b'IDAT' 154 8192
[2025-10-23 23:42:19,801] STREAM b'IHDR' 16 13
[2025-10-23 23:42:19,801] STREAM b'cHRM' 41 32
[2025-10-23 23:42:19,801] STREAM b'bKGD' 85 6
[2025-10-23 23:42:19,801] b'bKGD' 85 6 (unknown)
[2025-10-23 23:42:19,801] STREAM b'tIME' 103 7
[2025-10-23 23:42:19,801] b'tIME' 103 7 (unknown)
[2025-10-23 23:42:19,801] STREAM b'caNv' 122 16
[2025-10-23 23:42:19,801] b'caNv' 122 16 (unknown)
[2025-10-23 23:42:19,801] STREAM b'IDAT' 150 10597
[2025-10-23 23:42:19,803] STREAM b'tEXt' 10759 37
[2025-10-23 23:42:19,803] STREAM b'tEXt' 10808 37
[2025-10-23 23:42:19,803] STREAM b'tEXt' 10857 40
[2025-10-23 23:42:21,771] [Event] StopThreadEvent
[2025-10-23 23:42:21,771] [Event] StopThreadEvent
[2025-10-23 23:42:21,771] [Event] StopThreadEvent
[2025-10-23 23:42:39,442] [Event] ScreenTransitionEvent
[2025-10-23 23:42:39,443] [Command] Start rendering the screen
[2025-10-23 23:42:39,500] [Event] StartRenderingEvent
[2025-10-23 23:42:39,512] STREAM b'IHDR' 16 13
[2025-10-23 23:42:39,512] STREAM b'sRGB' 41 1
[2025-10-23 23:42:39,512] STREAM b'gAMA' 54 4
[2025-10-23 23:42:39,512] STREAM b'cHRM' 70 32
[2025-10-23 23:42:39,512] STREAM b'pHYs' 114 9
[2025-10-23 23:42:39,512] STREAM b'tIME' 135 7
[2025-10-23 23:42:39,512] b'tIME' 135 7 (unknown)
[2025-10-23 23:42:39,512] STREAM b'IDAT' 154 8192
[2025-10-23 23:42:39,526] STREAM b'IHDR' 16 13
[2025-10-23 23:42:39,526] STREAM b'cHRM' 41 32
[2025-10-23 23:42:39,526] STREAM b'bKGD' 85 6
[2025-10-23 23:42:39,526] b'bKGD' 85 6 (unknown)
[2025-10-23 23:42:39,526] STREAM b'tIME' 103 7
[2025-10-23 23:42:39,526] b'tIME' 103 7 (unknown)
[2025-10-23 23:42:39,527] STREAM b'caNv' 122 16
[2025-10-23 23:42:39,527] b'caNv' 122 16 (unknown)
[2025-10-23 23:42:39,527] STREAM b'IDAT' 150 10597
[2025-10-23 23:42:39,528] STREAM b'tEXt' 10759 37
[2025-10-23 23:42:39,528] STREAM b'tEXt' 10808 37
[2025-10-23 23:42:39,528] STREAM b'tEXt' 10857 40
[2025-10-23 23:42:41,029] [Command] User typed key escape
[2025-10-23 23:42:41,029] [Event] UserTypedEvent
[2025-10-23 23:42:42,587] [Event] StopThreadEvent
[2025-10-23 23:42:42,587] [Event] StopThreadEvent
[2025-10-23 23:42:42,588] [Event] StopThreadEvent
[2025-10-23 23:42:52,307] [Event] ScreenTransitionEvent
[2025-10-23 23:42:52,307] [Command] Start rendering the screen
[2025-10-23 23:42:52,308] [Event] StartRenderingEvent
[2025-10-23 23:42:52,320] STREAM b'IHDR' 16 13
[2025-10-23 23:42:52,320] STREAM b'sRGB' 41 1
[2025-10-23 23:42:52,320] STREAM b'gAMA' 54 4
[2025-10-23 23:42:52,320] STREAM b'cHRM' 70 32
[2025-10-23 23:42:52,320] STREAM b'pHYs' 114 9
[2025-10-23 23:42:52,320] STREAM b'tIME' 135 7
[2025-10-23 23:42:52,320] b'tIME' 135 7 (unknown)
[2025-10-23 23:42:52,320] STREAM b'IDAT' 154 8192
[2025-10-23 23:42:52,338] STREAM b'IHDR' 16 13
[2025-10-23 23:42:52,338] STREAM b'cHRM' 41 32
[2025-10-23 23:42:52,338] STREAM b'bKGD' 85 6
[2025-10-23 23:42:52,338] b'bKGD' 85 6 (unknown)
[2025-10-23 23:42:52,338] STREAM b'tIME' 103 7
[2025-10-23 23:42:52,338] b'tIME' 103 7 (unknown)
[2025-10-23 23:42:52,338] STREAM b'caNv' 122 16
[2025-10-23 23:42:52,338] b'caNv' 122 16 (unknown)
[2025-10-23 23:42:52,338] STREAM b'IDAT' 150 10597
[2025-10-23 23:42:52,341] STREAM b'tEXt' 10759 37
[2025-10-23 23:42:52,341] STREAM b'tEXt' 10808 37
[2025-10-23 23:42:52,341] STREAM b'tEXt' 10857 40
[2025-10-23 23:42:54,381] [Event] StopThreadEvent
[2025-10-23 23:42:54,381] [Event] StopThreadEvent
[2025-10-23 23:42:54,386] [Event] StopThreadEvent
